[[1;34mINFO[m] Scanning for projects...
[[1;33mWARNING[m] 
[[1;33mWARNING[m] Some problems were encountered while building the effective model for fdse.microservice:ts-assurance-service:jar:1.0
[[1;33mWARNING[m] 'dependencies.dependency.(groupId:artifactId:type:classifier)' must be unique: org.services:ts-common:jar -> duplicate declaration of version 0.1.0 @ line 32, column 21
[[1;33mWARNING[m] 'dependencies.dependency.(groupId:artifactId:type:classifier)' must be unique: org.services:ts-common:jar -> duplicate declaration of version 0.1.0 @ line 37, column 21
[[1;33mWARNING[m] 
[[1;33mWARNING[m] It is highly recommended to fix these problems because they threaten the stability of your build.
[[1;33mWARNING[m] 
[[1;33mWARNING[m] For this reason, future Maven versions might no longer support building such malformed projects.
[[1;33mWARNING[m] 
[[1;34mINFO[m] 
[[1;34mINFO[m] [1m---------------< [0;36mfdse.microservice:ts-assurance-service[0;1m >---------------[m
[[1;34mINFO[m] [1mBuilding ts-assurance-service 1.0[m
[[1;34mINFO[m] [1m--------------------------------[ jar ]---------------------------------[m
[[1;34mINFO[m] 
[[1;34mINFO[m] [1m--- [0;32mmaven-clean-plugin:2.6.1:clean[m [1m(default-clean)[m @ [36mts-assurance-service[0;1m ---[m
[[1;34mINFO[m] Deleting /home/masternode/RM_with_ML/main/train-ticket-hskim/ts-assurance-service/target
[[1;34mINFO[m] 
[[1;34mINFO[m] [1m--- [0;32mmaven-resources-plugin:2.7:resources[m [1m(default-resources)[m @ [36mts-assurance-service[0;1m ---[m
[[1;34mINFO[m] Using 'UTF-8' encoding to copy filtered resources.
[[1;34mINFO[m] Copying 1 resource
[[1;34mINFO[m] Copying 0 resource
[[1;34mINFO[m] 
[[1;34mINFO[m] [1m--- [0;32mmaven-compiler-plugin:3.1:compile[m [1m(default-compile)[m @ [36mts-assurance-service[0;1m ---[m
[[1;34mINFO[m] Changes detected - recompiling the module!
[[1;34mINFO[m] Compiling 19 source files to /home/masternode/RM_with_ML/main/train-ticket-hskim/ts-assurance-service/target/classes
[[1;33mWARNING[m] /home/masternode/RM_with_ML/main/train-ticket-hskim/ts-assurance-service/src/main/java/assurance/controller/AssuranceController.java: /home/masternode/RM_with_ML/main/train-ticket-hskim/ts-assurance-service/src/main/java/assurance/controller/AssuranceController.java uses unchecked or unsafe operations.
[[1;33mWARNING[m] /home/masternode/RM_with_ML/main/train-ticket-hskim/ts-assurance-service/src/main/java/assurance/controller/AssuranceController.java: Recompile with -Xlint:unchecked for details.
[[1;34mINFO[m] 
[[1;34mINFO[m] [1m--- [0;32mmaven-resources-plugin:2.7:testResources[m [1m(default-testResources)[m @ [36mts-assurance-service[0;1m ---[m
[[1;34mINFO[m] Using 'UTF-8' encoding to copy filtered resources.
[[1;34mINFO[m] skip non existing resourceDirectory /home/masternode/RM_with_ML/main/train-ticket-hskim/ts-assurance-service/src/test/resources
[[1;34mINFO[m] 
[[1;34mINFO[m] [1m--- [0;32mmaven-compiler-plugin:3.1:testCompile[m [1m(default-testCompile)[m @ [36mts-assurance-service[0;1m ---[m
[[1;34mINFO[m] No sources to compile
[[1;34mINFO[m] 
[[1;34mINFO[m] [1m--- [0;32mmaven-surefire-plugin:2.18.1:test[m [1m(default-test)[m @ [36mts-assurance-service[0;1m ---[m
[[1;34mINFO[m] Tests are skipped.
[[1;34mINFO[m] 
[[1;34mINFO[m] [1m--- [0;32mmaven-jar-plugin:2.6:jar[m [1m(default-jar)[m @ [36mts-assurance-service[0;1m ---[m
[[1;34mINFO[m] Building jar: /home/masternode/RM_with_ML/main/train-ticket-hskim/ts-assurance-service/target/ts-assurance-service-1.0.jar
[[1;34mINFO[m] 
[[1;34mINFO[m] [1m--- [0;32mspring-boot-maven-plugin:1.5.22.RELEASE:repackage[m [1m(default)[m @ [36mts-assurance-service[0;1m ---[m
[[1;34mINFO[m] 
[[1;34mINFO[m] [1m--- [0;32mmaven-install-plugin:2.5.2:install[m [1m(default-install)[m @ [36mts-assurance-service[0;1m ---[m
[[1;34mINFO[m] Installing /home/masternode/RM_with_ML/main/train-ticket-hskim/ts-assurance-service/target/ts-assurance-service-1.0.jar to /home/masternode/.m2/repository/fdse/microservice/ts-assurance-service/1.0/ts-assurance-service-1.0.jar
[[1;34mINFO[m] Installing /home/masternode/RM_with_ML/main/train-ticket-hskim/ts-assurance-service/pom.xml to /home/masternode/.m2/repository/fdse/microservice/ts-assurance-service/1.0/ts-assurance-service-1.0.pom
[[1;34mINFO[m] [1m------------------------------------------------------------------------[m
[[1;34mINFO[m] [1;32mBUILD SUCCESS[m
[[1;34mINFO[m] [1m------------------------------------------------------------------------[m
[[1;34mINFO[m] Total time:  10.347 s
[[1;34mINFO[m] Finished at: 2025-08-13T20:30:06+09:00
[[1;34mINFO[m] [1m------------------------------------------------------------------------[m
#0 building with "default" instance using docker driver

#1 [internal] load build definition from Dockerfile
#1 transferring dockerfile:
#1 transferring dockerfile: 191B done
#1 DONE 2.6s

#2 [internal] load metadata for docker.io/library/openjdk:8-jre
#2 DONE 0.6s

#3 [internal] load .dockerignore
#3 transferring context:
#3 transferring context: 2B done
#3 DONE 3.3s

#4 [1/2] FROM docker.io/library/openjdk:8-jre@sha256:667a15e7bc533a90fb39ddb7e5bed63162ac3c13a97e6c698bf4f139f51b7d33
#4 DONE 0.0s

#5 [internal] load build context
#5 transferring context: 31.47MB 0.2s done
#5 ...

#4 [1/2] FROM docker.io/library/openjdk:8-jre@sha256:667a15e7bc533a90fb39ddb7e5bed63162ac3c13a97e6c698bf4f139f51b7d33
#4 CACHED

#5 [internal] load build context
#5 DONE 3.0s

#6 [2/2] ADD ./target/ts-assurance-service-1.0.jar /app/
#6 DONE 9.0s

#7 exporting to image
#7 exporting layers
#7 exporting layers 2.2s done
#7 writing image sha256:42358139f9c39fec5b1b07d2cc64e2f77c4c04151a8e9b624a4c9de889ffea69
#7 writing image sha256:42358139f9c39fec5b1b07d2cc64e2f77c4c04151a8e9b624a4c9de889ffea69 0.5s done
#7 naming to docker.io/ksh6283/ts-assurance-service:v2
#7 naming to docker.io/ksh6283/ts-assurance-service:v2 0.5s done
#7 DONE 4.3s
The push refers to repository [docker.io/ksh6283/ts-assurance-service]
b7a08d4ba098: Preparing
1aaddf64804f: Preparing
990c5138f5d1: Preparing
5c384ea5f752: Preparing
293d5db30c9f: Preparing
03127cdb479b: Preparing
b7a08d4ba098: Waiting
9c742cd6c7a5: Preparing
1aaddf64804f: Waiting
293d5db30c9f: Waiting
990c5138f5d1: Waiting
9c742cd6c7a5: Waiting
5c384ea5f752: Waiting
1aaddf64804f: Layer already exists
990c5138f5d1: Layer already exists
5c384ea5f752: Layer already exists
293d5db30c9f: Layer already exists
03127cdb479b: Layer already exists
9c742cd6c7a5: Layer already exists
b7a08d4ba098: Pushed
v2: digest: sha256:645281d5c6a464130f7f88ffed7d7cfe7dc4818d73cb97bb39e11d2dca546518 size: 1794
